<?xml version="1.0" encoding="UTF-8"?>
<testng-results skipped="0" failed="0" ignored="0" total="1" passed="1">
  <reporter-output>
  </reporter-output>
  <suite name="Default suite" duration-ms="28279" started-at="2019-04-28T06:50:57Z" finished-at="2019-04-28T06:51:25Z">
    <groups>
    </groups>
    <test name="Default test" duration-ms="28279" started-at="2019-04-28T06:50:57Z" finished-at="2019-04-28T06:51:25Z">
      <class name="com.adaptavist.runner.TestRunner">
        <test-method status="PASS" signature="test()[pri:0, instance:com.adaptavist.runner.TestRunner@59906517]" name="test" duration-ms="28232" started-at="2019-04-28T06:50:57Z" finished-at="2019-04-28T06:51:25Z">
          <reporter-output>
          </reporter-output>
        </test-method> <!-- test -->
      </class> <!-- com.adaptavist.runner.TestRunner -->
    </test> <!-- Default test -->
  </suite> <!-- Default suite -->
</testng-results>
